0 info it worked if it ends with ok
1 verbose cli [ 'C:\\Program Files\\nodejs\\node.exe',
1 verbose cli   'C:\\Program Files\\nodejs\\node_modules\\npm\\bin\\npm-cli.js',
1 verbose cli   'publish',
1 verbose cli   'webify-generator' ]
2 info using npm@3.10.3
3 info using node@v6.4.0
4 verbose publish [ 'webify-generator' ]
5 silly cache add args [ 'webify-generator', null ]
6 verbose cache add spec webify-generator
7 silly cache add parsed spec Result {
7 silly cache add   raw: 'webify-generator',
7 silly cache add   scope: null,
7 silly cache add   escapedName: 'webify-generator',
7 silly cache add   name: 'webify-generator',
7 silly cache add   rawSpec: '',
7 silly cache add   spec: 'latest',
7 silly cache add   type: 'tag' }
8 silly addNamed webify-generator@latest
9 verbose addNamed "latest" is being treated as a dist-tag for webify-generator
10 info addNameTag [ 'webify-generator', 'latest' ]
11 silly mapToRegistry name webify-generator
12 silly mapToRegistry using default registry
13 silly mapToRegistry registry https://registry.npmjs.org/
14 silly mapToRegistry data Result {
14 silly mapToRegistry   raw: 'webify-generator',
14 silly mapToRegistry   scope: null,
14 silly mapToRegistry   escapedName: 'webify-generator',
14 silly mapToRegistry   name: 'webify-generator',
14 silly mapToRegistry   rawSpec: '',
14 silly mapToRegistry   spec: 'latest',
14 silly mapToRegistry   type: 'tag' }
15 silly mapToRegistry uri https://registry.npmjs.org/webify-generator
16 verbose addNameTag registry:https://registry.npmjs.org/webify-generator not in flight; fetching
17 verbose request uri https://registry.npmjs.org/webify-generator
18 verbose request no auth needed
19 info attempt registry request try #1 at 11:51:40
20 verbose request using bearer token for auth
21 verbose request id 73e5ec4ead05feca
22 http request GET https://registry.npmjs.org/webify-generator
23 http 200 https://registry.npmjs.org/webify-generator
24 verbose headers { date: 'Fri, 03 Aug 2018 14:50:37 GMT',
24 verbose headers   'content-type': 'application/json; charset=UTF-8',
24 verbose headers   'transfer-encoding': 'chunked',
24 verbose headers   connection: 'keep-alive',
24 verbose headers   'set-cookie': [ '__cfduid=dc738cddc4e70faa7fb47c27f4a9de04b1533307836; expires=Sat, 03-Aug-19 14:50:36 GMT; path=/; domain=.registry.npmjs.org; HttpOnly' ],
24 verbose headers   'cache-control': 'max-age=300',
24 verbose headers   'cf-cache-status': 'MISS',
24 verbose headers   'cf-ray': '444998f82dd86785-EZE',
24 verbose headers   etag: 'W/"97e9fdfc92b16808dea6fd59b038c642"',
24 verbose headers   'expect-ct': 'max-age=604800, report-uri="https://report-uri.cloudflare.com/cdn-cgi/beacon/expect-ct"',
24 verbose headers   'last-modified': 'Fri, 03 Aug 2018 14:47:24 GMT',
24 verbose headers   vary: 'accept-encoding, accept',
24 verbose headers   server: 'cloudflare',
24 verbose headers   'content-encoding': 'gzip' }
25 silly get cb [ 200,
25 silly get   { date: 'Fri, 03 Aug 2018 14:50:37 GMT',
25 silly get     'content-type': 'application/json; charset=UTF-8',
25 silly get     'transfer-encoding': 'chunked',
25 silly get     connection: 'keep-alive',
25 silly get     'set-cookie': [ '__cfduid=dc738cddc4e70faa7fb47c27f4a9de04b1533307836; expires=Sat, 03-Aug-19 14:50:36 GMT; path=/; domain=.registry.npmjs.org; HttpOnly' ],
25 silly get     'cache-control': 'max-age=300',
25 silly get     'cf-cache-status': 'MISS',
25 silly get     'cf-ray': '444998f82dd86785-EZE',
25 silly get     etag: 'W/"97e9fdfc92b16808dea6fd59b038c642"',
25 silly get     'expect-ct': 'max-age=604800, report-uri="https://report-uri.cloudflare.com/cdn-cgi/beacon/expect-ct"',
25 silly get     'last-modified': 'Fri, 03 Aug 2018 14:47:24 GMT',
25 silly get     vary: 'accept-encoding, accept',
25 silly get     server: 'cloudflare',
25 silly get     'content-encoding': 'gzip' } ]
26 verbose get saving webify-generator to C:\Users\dantuonis\AppData\Roaming\npm-cache\registry.npmjs.org\webify-generator\.cache.json
27 verbose correctMkdir C:\Users\dantuonis\AppData\Roaming\npm-cache correctMkdir not in flight; initializing
28 silly addNameTag next cb for webify-generator with tag latest
29 silly addNamed webify-generator@1.0.7
30 verbose addNamed "1.0.7" is a plain semver version for webify-generator
31 silly cache afterAdd webify-generator@1.0.7
32 verbose afterAdd C:\Users\dantuonis\AppData\Roaming\npm-cache\webify-generator\1.0.7\package\package.json not in flight; writing
33 verbose correctMkdir C:\Users\dantuonis\AppData\Roaming\npm-cache correctMkdir not in flight; initializing
34 verbose afterAdd C:\Users\dantuonis\AppData\Roaming\npm-cache\webify-generator\1.0.7\package\package.json written
35 silly publish { name: 'webify-generator',
35 silly publish   version: '1.0.7',
35 silly publish   description: 'A web application generator',
35 silly publish   main: 'index.js',
35 silly publish   scripts: { test: 'echo "Error: no test specified" && exit 1' },
35 silly publish   bin: { 'webify-generator': './bin/webify-generator.js' },
35 silly publish   preferGlobal: true,
35 silly publish   keywords: [ 'gulp', 'generator', 'coffee', 'typescript' ],
35 silly publish   repository:
35 silly publish    { type: 'git',
35 silly publish      url: 'git+https://github.com/sdantuoni/webify-generator.git' },
35 silly publish   author: { name: 'Santiago D´Antuoni' },
35 silly publish   license: 'MIT',
35 silly publish   dependencies:
35 silly publish    { colors: '^1.3.1',
35 silly publish      copy: '^0.3.2',
35 silly publish      'cross-spawn': '^6.0.5',
35 silly publish      'edit-json-file': '^1.1.0',
35 silly publish      inquirer: '^6.0.0',
35 silly publish      ncp: '^2.0.0',
35 silly publish      prompt: '^1.0.0',
35 silly publish      'prompt-choices': '^5.0.0' },
35 silly publish   readme: '# Webify Generator\n\nWebify Generator is a generator that allows you to instantly create projects based on various languages and technologies.\n\n  - CoffeeScript\n  - TypeScript (coming soon)\n  - React (coming soon)\n\n# New Features!\n\n  - You can select npm modules to add to your new project\n\n\n### How To Install\n\nWebify Generator is very simple to install:\n\nOnly needs to install it globally\n`npm i webify-generator -g`\n\n### Get Started\n\nWebify Generator requires [Node.js](https://nodejs.org/) v6+ to run.\n\nEnter to directory when you want create a new project.\n\n```sh\n$ webify-generator\n```\n\nNext step is fill the options...\n\nNote: the parameters like this `(new-webapp)` are the default parameter, if you do not enter anything and press enter, the default parameter will be setted.\n\n```sh\n# Select any name for your project (new-webapp): [Put an awesome name for your APP]\n# What\'s your name (anonymus): [Put your or your organization name]\n# What\'s your email: [Put your or your organization email]\n# Insert a version of your app (1.0.0): [Put a version of your new APP]\n# License: (MIT): [Check what license is accordin for your app]\n# Write a short description of your application: [Describe your APP]\n# What\'s language do you preffer to use (Use arrow keys): [Select Language]\n#  Select if you want use any module: [Mark checkboxes with space and press enter for submit]\n```\n\n### Development\n\nEnter to your new generated project folder and run it!\n\n```sh\n$ cd [Your project name]\n$ gulp\n```\nEnjoy!\n\n### Want to contribute? Great!\n\nWebify Generator uses Gulp + Browserify for fast developing.\n\nClone the project in any folder, and modify the `bin/webify-generator.js` file.\nThen, commit your changes in a new branch and make a `(PR) Pull Request`\n\n\n\n\nLicense\n----\n\nMIT\n\n\n**Free Software, Hell Yeah!**\n\n\n',
35 silly publish   readmeFilename: 'README.md',
35 silly publish   gitHead: '6533f79591dff9d3e91b67daf3e0b4fcb34d281f',
35 silly publish   bugs: { url: 'https://github.com/sdantuoni/webify-generator/issues' },
35 silly publish   homepage: 'https://github.com/sdantuoni/webify-generator#readme',
35 silly publish   _id: 'webify-generator@1.0.7',
35 silly publish   _shasum: '7d38e0b430896f1d6d2cea8b2cdde2ac114a8a0e',
35 silly publish   _from: 'webify-generator@latest' }
36 info lifecycle webify-generator@1.0.7~prepublish: webify-generator@1.0.7
37 silly lifecycle webify-generator@1.0.7~prepublish: no script for prepublish, continuing
38 verbose getPublishConfig undefined
39 silly mapToRegistry name webify-generator
40 silly mapToRegistry using default registry
41 silly mapToRegistry registry https://registry.npmjs.org/
42 silly mapToRegistry data Result {
42 silly mapToRegistry   raw: 'webify-generator',
42 silly mapToRegistry   scope: null,
42 silly mapToRegistry   escapedName: 'webify-generator',
42 silly mapToRegistry   name: 'webify-generator',
42 silly mapToRegistry   rawSpec: '',
42 silly mapToRegistry   spec: 'latest',
42 silly mapToRegistry   type: 'tag' }
43 silly mapToRegistry uri https://registry.npmjs.org/webify-generator
44 verbose publish registryBase https://registry.npmjs.org/
45 silly publish uploading C:\Users\dantuonis\AppData\Roaming\npm-cache\webify-generator\1.0.7\package.tgz
46 verbose request uri https://registry.npmjs.org/webify-generator
47 verbose request sending authorization for write operation
48 info attempt registry request try #1 at 11:51:41
49 verbose request using bearer token for auth
50 http request PUT https://registry.npmjs.org/webify-generator
51 http 403 https://registry.npmjs.org/webify-generator
52 verbose headers { date: 'Fri, 03 Aug 2018 14:50:40 GMT',
52 verbose headers   'content-type': 'application/json',
52 verbose headers   'transfer-encoding': 'chunked',
52 verbose headers   connection: 'keep-alive',
52 verbose headers   'set-cookie': [ '__cfduid=dcfba799961b718ae1f1fd7df1263a2971533307837; expires=Sat, 03-Aug-19 14:50:37 GMT; path=/; domain=.registry.npmjs.org; HttpOnly' ],
52 verbose headers   'cf-ray': '444998fead946785-EZE',
52 verbose headers   'expect-ct': 'max-age=604800, report-uri="https://report-uri.cloudflare.com/cdn-cgi/beacon/expect-ct"',
52 verbose headers   server: 'cloudflare',
52 verbose headers   'content-encoding': 'gzip' }
53 verbose request invalidating C:\Users\dantuonis\AppData\Roaming\npm-cache\registry.npmjs.org\webify-generator on PUT
54 error publish Failed PUT 403
55 verbose stack Error: You cannot publish over the previously published versions: 1.0.7. : webify-generator
55 verbose stack     at makeError (C:\Users\dantuonis\AppData\Roaming\nvm\v6.4.0\node_modules\npm\node_modules\npm-registry-client\lib\request.js:264:12)
55 verbose stack     at CachingRegistryClient.<anonymous> (C:\Users\dantuonis\AppData\Roaming\nvm\v6.4.0\node_modules\npm\node_modules\npm-registry-client\lib\request.js:252:14)
55 verbose stack     at C:\Users\dantuonis\AppData\Roaming\nvm\v6.4.0\node_modules\npm\node_modules\npm-registry-client\lib\request.js:178:7
55 verbose stack     at Gunzip.onEnd (zlib.js:227:5)
55 verbose stack     at emitNone (events.js:91:20)
55 verbose stack     at Gunzip.emit (events.js:185:7)
55 verbose stack     at endReadableNT (_stream_readable.js:975:12)
55 verbose stack     at _combinedTickCallback (internal/process/next_tick.js:74:11)
55 verbose stack     at process._tickCallback (internal/process/next_tick.js:98:9)
56 verbose statusCode 403
57 verbose pkgid webify-generator
58 verbose cwd C:\Users\dantuonis\Documents\work\projects\wunderman-generator
59 error Windows_NT 10.0.17134
60 error argv "C:\\Program Files\\nodejs\\node.exe" "C:\\Program Files\\nodejs\\node_modules\\npm\\bin\\npm-cli.js" "publish" "webify-generator"
61 error node v6.4.0
62 error npm  v3.10.3
63 error code E403
64 error You cannot publish over the previously published versions: 1.0.7. : webify-generator
65 error If you need help, you may report this error at:
65 error     <https://github.com/npm/npm/issues>
66 verbose exit [ 1, true ]
